app/build/intermediates/manifest_merge_blame_file/debug/manifest-merger-blame-debug-report.txt
1<?xml version="1.0" encoding="utf-8"?>
2<manifest xmlns:android="http://schemas.android.com/apk/res/android"
3    package="com.example.pc_1.akb"
4    android:versionCode="1"
5    android:versionName="1.0" >
6
7    <uses-sdk
8        android:minSdkVersion="21"
8-->src\main\AndroidManifest.xml
9        android:targetSdkVersion="28" />
9-->src\main\AndroidManifest.xml
10
11    <uses-permission android:name="android.permission.CALL_PHONE" />
11-->src\main\AndroidManifest.xml:4:5-69
11-->src\main\AndroidManifest.xml:4:22-66
12
13    <application
13-->src\main\AndroidManifest.xml:5:5-25:19
14        android:allowBackup="true"
14-->src\main\AndroidManifest.xml:6:9-35
15        android:appComponentFactory="android.support.v4.app.CoreComponentFactory"
15-->[com.android.support:support-compat:28.0.0] AndroidManifest.xml:22:18-91
16        android:debuggable="true"
17        android:icon="@drawable/icon"
17-->src\main\AndroidManifest.xml:7:9-38
18        android:label="UTS AKB"
18-->src\main\AndroidManifest.xml:8:9-32
19        android:roundIcon="@mipmap/ic_launcher_round"
19-->src\main\AndroidManifest.xml:9:9-54
20        android:theme="@style/AppTheme.NoActionBar" >
20-->src\main\AndroidManifest.xml:11:9-52
21        <activity android:name="com.example.pc_1.akb.Splash" >
21-->src\main\AndroidManifest.xml:12:9-18:20
21-->src\main\AndroidManifest.xml:12:19-41
22            <intent-filter>
22-->src\main\AndroidManifest.xml:13:13-17:29
23                <action android:name="android.intent.action.MAIN" />
23-->src\main\AndroidManifest.xml:14:17-69
23-->src\main\AndroidManifest.xml:14:25-66
24
25                <category android:name="android.intent.category.LAUNCHER" />
25-->src\main\AndroidManifest.xml:16:17-77
25-->src\main\AndroidManifest.xml:16:27-74
26            </intent-filter>
27        </activity>
28        <activity android:name="com.example.pc_1.akb.WelcomeActivity" />
28-->src\main\AndroidManifest.xml:20:9-62
28-->src\main\AndroidManifest.xml:20:19-50
29        <activity
29-->src\main\AndroidManifest.xml:21:9-24:69
30            android:name="com.example.pc_1.akb.MainActivity"
30-->src\main\AndroidManifest.xml:22:13-41
31            android:label="@string/title_activity_welcome"
31-->src\main\AndroidManifest.xml:23:13-59
32            android:theme="@style/AppTheme.NoActionBar" />
32-->src\main\AndroidManifest.xml:24:13-56
33    </application>
34
35</manifest>